current directory: /home/domini/src/dominicusin.github.io/.gems/gems/eventmachine-1.2.7/ext/fastfilereader
/usr/bin/ruby extconf.rb
creating Makefile

current directory: /home/domini/src/dominicusin.github.io/.gems/gems/eventmachine-1.2.7/ext/fastfilereader
make DESTDIR\= sitearchdir\=./.gem.20260128-194345-79rsbw sitelibdir\=./.gem.20260128-194345-79rsbw clean

current directory: /home/domini/src/dominicusin.github.io/.gems/gems/eventmachine-1.2.7/ext/fastfilereader
make DESTDIR\= sitearchdir\=./.gem.20260128-194345-79rsbw sitelibdir\=./.gem.20260128-194345-79rsbw
compiling mapper.cpp
compiling rubymain.cpp
In file included from /usr/include/ruby-3.4.0/ruby/internal/core.h:27,
                 from /usr/include/ruby-3.4.0/ruby/ruby.h:29,
                 from /usr/include/ruby-3.4.0/ruby.h:38,
                 from rubymain.cpp:25:
rubymain.cpp: In function «VALUE mapper_new(VALUE, VALUE)»:
/usr/include/ruby-3.4.0/ruby/internal/core/rdata.h:199:24: предупреждение: «VALUE rb_data_object_wrap_warning(VALUE, void*, RUBY_DATA_FUNC, RUBY_DATA_FUNC)» устарело: by TypedData [-Wdeprecated-declarations]
  199 |     rb_data_object_wrap(                          \
      |                        ^
rubymain.cpp:53:19: замечание: в расширении макроса «Data_Wrap_Struct»
   53 |         VALUE v = Data_Wrap_Struct (Mapper, 0, mapper_dt, (void*)m);
      |                   ^~~~~~~~~~~~~~~~
/usr/include/ruby-3.4.0/ruby/internal/core/rdata.h:293:1: замечание: объявлено здесь
  293 | rb_data_object_wrap_warning(VALUE klass, void *ptr, RUBY_DATA_FUNC mark, RUBY_DATA_FUNC free)
      | ^~~~~~~~~~~~~~~~~~~~~~~~~~~
In file included from /usr/include/ruby-3.4.0/ruby/internal/assume.h:29,
                 from /usr/include/ruby-3.4.0/ruby/backward/2/assume.h:24,
                 from /usr/include/ruby-3.4.0/ruby/defines.h:72,
                 from /usr/include/ruby-3.4.0/ruby/ruby.h:25:
rubymain.cpp: In function «VALUE mapper_get_chunk(VALUE, VALUE, VALUE)»:
/usr/include/ruby-3.4.0/ruby/internal/core/rdata.h:275:52: предупреждение: «void* rb_data_object_get_warning(VALUE)» устарело: by TypedData [-Wdeprecated-declarations]
  275 |     ((sval) = RBIMPL_CAST((type*)rb_data_object_get(obj)))
      |                                                    ^
/usr/include/ruby-3.4.0/ruby/internal/cast.h:36:29: замечание: в определении макроса «RBIMPL_CAST»
   36 | # define RBIMPL_CAST(expr) (expr)
      |                             ^~~~
rubymain.cpp:65:9: замечание: в расширении макроса «Data_Get_Struct»
   65 |         Data_Get_Struct (self, Mapper_t, m);
      |         ^~~~~~~~~~~~~~~
/usr/include/ruby-3.4.0/ruby/internal/core/rdata.h:325:1: замечание: объявлено здесь
  325 | rb_data_object_get_warning(VALUE obj)
      | ^~~~~~~~~~~~~~~~~~~~~~~~~~
rubymain.cpp: In function «VALUE mapper_close(VALUE)»:
/usr/include/ruby-3.4.0/ruby/internal/core/rdata.h:275:52: предупреждение: «void* rb_data_object_get_warning(VALUE)» устарело: by TypedData [-Wdeprecated-declarations]
  275 |     ((sval) = RBIMPL_CAST((type*)rb_data_object_get(obj)))
      |                                                    ^
/usr/include/ruby-3.4.0/ruby/internal/cast.h:36:29: замечание: в определении макроса «RBIMPL_CAST»
   36 | # define RBIMPL_CAST(expr) (expr)
      |                             ^~~~
rubymain.cpp:88:9: замечание: в расширении макроса «Data_Get_Struct»
   88 |         Data_Get_Struct (self, Mapper_t, m);
      |         ^~~~~~~~~~~~~~~
/usr/include/ruby-3.4.0/ruby/internal/core/rdata.h:325:1: замечание: объявлено здесь
  325 | rb_data_object_get_warning(VALUE obj)
      | ^~~~~~~~~~~~~~~~~~~~~~~~~~
rubymain.cpp: In function «VALUE mapper_size(VALUE)»:
/usr/include/ruby-3.4.0/ruby/internal/core/rdata.h:275:52: предупреждение: «void* rb_data_object_get_warning(VALUE)» устарело: by TypedData [-Wdeprecated-declarations]
  275 |     ((sval) = RBIMPL_CAST((type*)rb_data_object_get(obj)))
      |                                                    ^
/usr/include/ruby-3.4.0/ruby/internal/cast.h:36:29: замечание: в определении макроса «RBIMPL_CAST»
   36 | # define RBIMPL_CAST(expr) (expr)
      |                             ^~~~
rubymain.cpp:102:9: замечание: в расширении макроса «Data_Get_Struct»
  102 |         Data_Get_Struct (self, Mapper_t, m);
      |         ^~~~~~~~~~~~~~~
/usr/include/ruby-3.4.0/ruby/internal/core/rdata.h:325:1: замечание: объявлено здесь
  325 | rb_data_object_get_warning(VALUE obj)
      | ^~~~~~~~~~~~~~~~~~~~~~~~~~
linking shared-object fastfilereaderext.so

current directory: /home/domini/src/dominicusin.github.io/.gems/gems/eventmachine-1.2.7/ext/fastfilereader
make DESTDIR\= sitearchdir\=./.gem.20260128-194345-79rsbw sitelibdir\=./.gem.20260128-194345-79rsbw install
/usr/bin/install -c -m 0755 fastfilereaderext.so ./.gem.20260128-194345-79rsbw

current directory: /home/domini/src/dominicusin.github.io/.gems/gems/eventmachine-1.2.7/ext/fastfilereader
make DESTDIR\= sitearchdir\=./.gem.20260128-194345-79rsbw sitelibdir\=./.gem.20260128-194345-79rsbw clean
