find_header: checking for prism.h in /home/domini/src/dominicusin.github.io/.gems/gems/prism-1.9.0/include... -------------------- yes

LD_LIBRARY_PATH=.:/usr/lib ASAN_OPTIONS=detect_leaks=0 "gcc -o conftest -I/usr/include/ruby-3.4.0/x86_64-linux -I/usr/include/ruby-3.4.0/ruby/backward -I/usr/include/ruby-3.4.0 -I.    -march=x86-64-v4 -mtune=generic -O3 -pipe -fno-plt -fexceptions         -Wp,-D_FORTIFY_SOURCE=2 -Wformat -Werror=format-security         -fstack-clash-protection -fcf-protection -mpclmul -g1 -ffile-prefix-map=/startdir/src=/usr/src/debug/ruby -flto=auto -fPIC conftest.c -L. -L/usr/lib -L. -Wl,-O1 -Wl,--sort-common -Wl,--as-needed -Wl,-z,relro -Wl,-z,now          -Wl,-z,pack-relative-relocs -flto=auto -fstack-protector-strong -rdynamic -Wl,-export-dynamic -Wl,--no-as-needed     -lruby  -lm -lpthread  -lc"
checked program was:
/* begin */
1: #include "ruby.h"
2: 
3: int main(int argc, char **argv)
4: {
5:   return !!argv[argc];
6: }
/* end */

LD_LIBRARY_PATH=.:/usr/lib ASAN_OPTIONS=detect_leaks=0 "gcc -I/usr/include/ruby-3.4.0/x86_64-linux -I/usr/include/ruby-3.4.0/ruby/backward -I/usr/include/ruby-3.4.0 -I.    -march=x86-64-v4 -mtune=generic -O3 -pipe -fno-plt -fexceptions         -Wp,-D_FORTIFY_SOURCE=2 -Wformat -Werror=format-security         -fstack-clash-protection -fcf-protection -mpclmul -g1 -ffile-prefix-map=/startdir/src=/usr/src/debug/ruby -flto=auto -fPIC   -c conftest.c"
conftest.c:3:10: фатальная ошибка: prism.h: Нет такого файла или каталога
    3 | #include <prism.h>
      |          ^~~~~~~~~
компиляция прервана.
checked program was:
/* begin */
1: #include "ruby.h"
2: 
3: #include <prism.h>
/* end */

LD_LIBRARY_PATH=.:/usr/lib ASAN_OPTIONS=detect_leaks=0 "gcc -I/usr/include/ruby-3.4.0/x86_64-linux -I/usr/include/ruby-3.4.0/ruby/backward -I/usr/include/ruby-3.4.0 -I.    -march=x86-64-v4 -mtune=generic -O3 -pipe -fno-plt -fexceptions         -Wp,-D_FORTIFY_SOURCE=2 -Wformat -Werror=format-security         -fstack-clash-protection -fcf-protection -mpclmul -g1 -ffile-prefix-map=/startdir/src=/usr/src/debug/ruby -flto=auto -fPIC  -I/home/domini/src/dominicusin.github.io/.gems/gems/prism-1.9.0/include -c conftest.c"
checked program was:
/* begin */
1: #include "ruby.h"
2: 
3: #include <prism.h>
/* end */

--------------------

find_header: checking for prism/extension.h in /home/domini/src/dominicusin.github.io/.gems/gems/prism-1.9.0/ext... -------------------- yes

LD_LIBRARY_PATH=.:/usr/lib ASAN_OPTIONS=detect_leaks=0 "gcc -I/usr/include/ruby-3.4.0/x86_64-linux -I/usr/include/ruby-3.4.0/ruby/backward -I/usr/include/ruby-3.4.0 -I. -I/home/domini/src/dominicusin.github.io/.gems/gems/prism-1.9.0/include    -march=x86-64-v4 -mtune=generic -O3 -pipe -fno-plt -fexceptions         -Wp,-D_FORTIFY_SOURCE=2 -Wformat -Werror=format-security         -fstack-clash-protection -fcf-protection -mpclmul -g1 -ffile-prefix-map=/startdir/src=/usr/src/debug/ruby -flto=auto -fPIC   -c conftest.c"
conftest.c:3:10: фатальная ошибка: prism/extension.h: Нет такого файла или каталога
    3 | #include <prism/extension.h>
      |          ^~~~~~~~~~~~~~~~~~~
компиляция прервана.
checked program was:
/* begin */
1: #include "ruby.h"
2: 
3: #include <prism/extension.h>
/* end */

LD_LIBRARY_PATH=.:/usr/lib ASAN_OPTIONS=detect_leaks=0 "gcc -I/usr/include/ruby-3.4.0/x86_64-linux -I/usr/include/ruby-3.4.0/ruby/backward -I/usr/include/ruby-3.4.0 -I. -I/home/domini/src/dominicusin.github.io/.gems/gems/prism-1.9.0/include    -march=x86-64-v4 -mtune=generic -O3 -pipe -fno-plt -fexceptions         -Wp,-D_FORTIFY_SOURCE=2 -Wformat -Werror=format-security         -fstack-clash-protection -fcf-protection -mpclmul -g1 -ffile-prefix-map=/startdir/src=/usr/src/debug/ruby -flto=auto -fPIC  -I/home/domini/src/dominicusin.github.io/.gems/gems/prism-1.9.0/ext -c conftest.c"
checked program was:
/* begin */
1: #include "ruby.h"
2: 
3: #include <prism/extension.h>
/* end */

--------------------

append_cflags: checking for whether -fvisibility=hidden is accepted as CFLAGS... -------------------- yes

LD_LIBRARY_PATH=.:/usr/lib ASAN_OPTIONS=detect_leaks=0 "gcc -I/usr/include/ruby-3.4.0/x86_64-linux -I/usr/include/ruby-3.4.0/ruby/backward -I/usr/include/ruby-3.4.0 -I. -I/home/domini/src/dominicusin.github.io/.gems/gems/prism-1.9.0/include -I/home/domini/src/dominicusin.github.io/.gems/gems/prism-1.9.0/ext    -march=x86-64-v4 -mtune=generic -O3 -pipe -fno-plt -fexceptions         -Wp,-D_FORTIFY_SOURCE=2 -Wformat -Werror=format-security         -fstack-clash-protection -fcf-protection -mpclmul -g1 -ffile-prefix-map=/startdir/src=/usr/src/debug/ruby -flto=auto -fPIC  -fvisibility=hidden -Werror -c conftest.c"
checked program was:
/* begin */
1: #include "ruby.h"
2: 
3: int main(int argc, char **argv)
4: {
5:   return !!argv[argc];
6: }
/* end */

--------------------

