current directory: /home/domini/src/dominicusin.github.io/.gems/gems/json-2.18.0/ext/json/ext/parser
/usr/bin/ruby extconf.rb
checking for rb_enc_interned_str() in ruby/encoding.h... yes
checking for rb_str_to_interned_str() in ruby.h... yes
checking for rb_hash_new_capa() in ruby.h... yes
checking for rb_hash_bulk_insert() in ruby.h... yes
checking for whether -std=c99 is accepted as CFLAGS... yes
checking for x86intrin.h... yes
checking for cpuid.h... yes
creating Makefile

current directory: /home/domini/src/dominicusin.github.io/.gems/gems/json-2.18.0/ext/json/ext/parser
make DESTDIR\= sitearchdir\=./.gem.20260128-194345-tigrz sitelibdir\=./.gem.20260128-194345-tigrz clean

current directory: /home/domini/src/dominicusin.github.io/.gems/gems/json-2.18.0/ext/json/ext/parser
make DESTDIR\= sitearchdir\=./.gem.20260128-194345-tigrz sitelibdir\=./.gem.20260128-194345-tigrz
compiling parser.c
linking shared-object json/ext/parser.so

current directory: /home/domini/src/dominicusin.github.io/.gems/gems/json-2.18.0/ext/json/ext/parser
make DESTDIR\= sitearchdir\=./.gem.20260128-194345-tigrz sitelibdir\=./.gem.20260128-194345-tigrz install
/usr/bin/install -c -m 0755 parser.so ./.gem.20260128-194345-tigrz/json/ext

current directory: /home/domini/src/dominicusin.github.io/.gems/gems/json-2.18.0/ext/json/ext/parser
make DESTDIR\= sitearchdir\=./.gem.20260128-194345-tigrz sitelibdir\=./.gem.20260128-194345-tigrz clean
