have_func: checking for rb_enc_interned_str() in ruby/encoding.h... -------------------- yes

LD_LIBRARY_PATH=.:/usr/lib ASAN_OPTIONS=detect_leaks=0 "gcc -o conftest -I/usr/include/ruby-3.4.0/x86_64-linux -I/usr/include/ruby-3.4.0/ruby/backward -I/usr/include/ruby-3.4.0 -I.    -march=x86-64-v4 -mtune=generic -O3 -pipe -fno-plt -fexceptions         -Wp,-D_FORTIFY_SOURCE=2 -Wformat -Werror=format-security         -fstack-clash-protection -fcf-protection -mpclmul -g1 -ffile-prefix-map=/startdir/src=/usr/src/debug/ruby -flto=auto -fPIC conftest.c -L. -L/usr/lib -L. -Wl,-O1 -Wl,--sort-common -Wl,--as-needed -Wl,-z,relro -Wl,-z,now          -Wl,-z,pack-relative-relocs -flto=auto -fstack-protector-strong -rdynamic -Wl,-export-dynamic -Wl,--no-as-needed     -lruby  -lm -lpthread  -lc"
checked program was:
/* begin */
1: #include "ruby.h"
2: 
3: int main(int argc, char **argv)
4: {
5:   return !!argv[argc];
6: }
/* end */

LD_LIBRARY_PATH=.:/usr/lib ASAN_OPTIONS=detect_leaks=0 "gcc -o conftest -I/usr/include/ruby-3.4.0/x86_64-linux -I/usr/include/ruby-3.4.0/ruby/backward -I/usr/include/ruby-3.4.0 -I.    -march=x86-64-v4 -mtune=generic -O3 -pipe -fno-plt -fexceptions         -Wp,-D_FORTIFY_SOURCE=2 -Wformat -Werror=format-security         -fstack-clash-protection -fcf-protection -mpclmul -g1 -ffile-prefix-map=/startdir/src=/usr/src/debug/ruby -flto=auto -fPIC conftest.c -L. -L/usr/lib -L. -Wl,-O1 -Wl,--sort-common -Wl,--as-needed -Wl,-z,relro -Wl,-z,now          -Wl,-z,pack-relative-relocs -flto=auto -fstack-protector-strong -rdynamic -Wl,-export-dynamic -Wl,--no-as-needed     -lruby  -lm -lpthread  -lc"
checked program was:
/* begin */
 1: #include "ruby.h"
 2: 
 3: #include <ruby/encoding.h>
 4: 
 5: /*top*/
 6: extern int t(void);
 7: int main(int argc, char **argv)
 8: {
 9:   if (argc > 1000000) {
10:     int (* volatile tp)(void)=(int (*)(void))&t;
11:     printf("%d", (*tp)());
12:   }
13: 
14:   return !!argv[argc];
15: }
16: int t(void) { void ((*volatile p)()); p = (void ((*)()))rb_enc_interned_str; return !p; }
/* end */

--------------------

have_func: checking for rb_str_to_interned_str() in ruby.h... -------------------- yes

LD_LIBRARY_PATH=.:/usr/lib ASAN_OPTIONS=detect_leaks=0 "gcc -o conftest -I/usr/include/ruby-3.4.0/x86_64-linux -I/usr/include/ruby-3.4.0/ruby/backward -I/usr/include/ruby-3.4.0 -I.    -march=x86-64-v4 -mtune=generic -O3 -pipe -fno-plt -fexceptions         -Wp,-D_FORTIFY_SOURCE=2 -Wformat -Werror=format-security         -fstack-clash-protection -fcf-protection -mpclmul -g1 -ffile-prefix-map=/startdir/src=/usr/src/debug/ruby -flto=auto -fPIC conftest.c -L. -L/usr/lib -L. -Wl,-O1 -Wl,--sort-common -Wl,--as-needed -Wl,-z,relro -Wl,-z,now          -Wl,-z,pack-relative-relocs -flto=auto -fstack-protector-strong -rdynamic -Wl,-export-dynamic -Wl,--no-as-needed     -lruby  -lm -lpthread  -lc"
checked program was:
/* begin */
 1: #include "ruby.h"
 2: 
 3: #include <ruby.h>
 4: 
 5: /*top*/
 6: extern int t(void);
 7: int main(int argc, char **argv)
 8: {
 9:   if (argc > 1000000) {
10:     int (* volatile tp)(void)=(int (*)(void))&t;
11:     printf("%d", (*tp)());
12:   }
13: 
14:   return !!argv[argc];
15: }
16: int t(void) { void ((*volatile p)()); p = (void ((*)()))rb_str_to_interned_str; return !p; }
/* end */

--------------------

have_func: checking for rb_hash_new_capa() in ruby.h... -------------------- yes

LD_LIBRARY_PATH=.:/usr/lib ASAN_OPTIONS=detect_leaks=0 "gcc -o conftest -I/usr/include/ruby-3.4.0/x86_64-linux -I/usr/include/ruby-3.4.0/ruby/backward -I/usr/include/ruby-3.4.0 -I.    -march=x86-64-v4 -mtune=generic -O3 -pipe -fno-plt -fexceptions         -Wp,-D_FORTIFY_SOURCE=2 -Wformat -Werror=format-security         -fstack-clash-protection -fcf-protection -mpclmul -g1 -ffile-prefix-map=/startdir/src=/usr/src/debug/ruby -flto=auto -fPIC conftest.c -L. -L/usr/lib -L. -Wl,-O1 -Wl,--sort-common -Wl,--as-needed -Wl,-z,relro -Wl,-z,now          -Wl,-z,pack-relative-relocs -flto=auto -fstack-protector-strong -rdynamic -Wl,-export-dynamic -Wl,--no-as-needed     -lruby  -lm -lpthread  -lc"
checked program was:
/* begin */
 1: #include "ruby.h"
 2: 
 3: #include <ruby.h>
 4: 
 5: /*top*/
 6: extern int t(void);
 7: int main(int argc, char **argv)
 8: {
 9:   if (argc > 1000000) {
10:     int (* volatile tp)(void)=(int (*)(void))&t;
11:     printf("%d", (*tp)());
12:   }
13: 
14:   return !!argv[argc];
15: }
16: int t(void) { void ((*volatile p)()); p = (void ((*)()))rb_hash_new_capa; return !p; }
/* end */

--------------------

have_func: checking for rb_hash_bulk_insert() in ruby.h... -------------------- yes

LD_LIBRARY_PATH=.:/usr/lib ASAN_OPTIONS=detect_leaks=0 "gcc -o conftest -I/usr/include/ruby-3.4.0/x86_64-linux -I/usr/include/ruby-3.4.0/ruby/backward -I/usr/include/ruby-3.4.0 -I.    -march=x86-64-v4 -mtune=generic -O3 -pipe -fno-plt -fexceptions         -Wp,-D_FORTIFY_SOURCE=2 -Wformat -Werror=format-security         -fstack-clash-protection -fcf-protection -mpclmul -g1 -ffile-prefix-map=/startdir/src=/usr/src/debug/ruby -flto=auto -fPIC conftest.c -L. -L/usr/lib -L. -Wl,-O1 -Wl,--sort-common -Wl,--as-needed -Wl,-z,relro -Wl,-z,now          -Wl,-z,pack-relative-relocs -flto=auto -fstack-protector-strong -rdynamic -Wl,-export-dynamic -Wl,--no-as-needed     -lruby  -lm -lpthread  -lc"
checked program was:
/* begin */
 1: #include "ruby.h"
 2: 
 3: #include <ruby.h>
 4: 
 5: /*top*/
 6: extern int t(void);
 7: int main(int argc, char **argv)
 8: {
 9:   if (argc > 1000000) {
10:     int (* volatile tp)(void)=(int (*)(void))&t;
11:     printf("%d", (*tp)());
12:   }
13: 
14:   return !!argv[argc];
15: }
16: int t(void) { void ((*volatile p)()); p = (void ((*)()))rb_hash_bulk_insert; return !p; }
/* end */

--------------------

append_cflags: checking for whether -std=c99 is accepted as CFLAGS... -------------------- yes

LD_LIBRARY_PATH=.:/usr/lib ASAN_OPTIONS=detect_leaks=0 "gcc -I/usr/include/ruby-3.4.0/x86_64-linux -I/usr/include/ruby-3.4.0/ruby/backward -I/usr/include/ruby-3.4.0 -I.    -march=x86-64-v4 -mtune=generic -O3 -pipe -fno-plt -fexceptions         -Wp,-D_FORTIFY_SOURCE=2 -Wformat -Werror=format-security         -fstack-clash-protection -fcf-protection -mpclmul -g1 -ffile-prefix-map=/startdir/src=/usr/src/debug/ruby -flto=auto -fPIC  -std=c99 -Werror -c conftest.c"
checked program was:
/* begin */
1: #include "ruby.h"
2: 
3: int main(int argc, char **argv)
4: {
5:   return !!argv[argc];
6: }
/* end */

--------------------

have_header: checking for x86intrin.h... -------------------- yes

LD_LIBRARY_PATH=.:/usr/lib ASAN_OPTIONS=detect_leaks=0 "gcc -I/usr/include/ruby-3.4.0/x86_64-linux -I/usr/include/ruby-3.4.0/ruby/backward -I/usr/include/ruby-3.4.0 -I.    -march=x86-64-v4 -mtune=generic -O3 -pipe -fno-plt -fexceptions         -Wp,-D_FORTIFY_SOURCE=2 -Wformat -Werror=format-security         -fstack-clash-protection -fcf-protection -mpclmul -g1 -ffile-prefix-map=/startdir/src=/usr/src/debug/ruby -flto=auto -fPIC -std=c99   -c conftest.c"
checked program was:
/* begin */
1: #include "ruby.h"
2: 
3: #include <x86intrin.h>
/* end */

--------------------

LD_LIBRARY_PATH=.:/usr/lib ASAN_OPTIONS=detect_leaks=0 "gcc -I/usr/include/ruby-3.4.0/x86_64-linux -I/usr/include/ruby-3.4.0/ruby/backward -I/usr/include/ruby-3.4.0 -I.    -march=x86-64-v4 -mtune=generic -O3 -pipe -fno-plt -fexceptions         -Wp,-D_FORTIFY_SOURCE=2 -Wformat -Werror=format-security         -fstack-clash-protection -fcf-protection -mpclmul -g1 -ffile-prefix-map=/startdir/src=/usr/src/debug/ruby -flto=auto -fPIC -std=c99  -Werror=implicit-function-declaration -c conftest.c"
checked program was:
/* begin */
 1: #include "ruby.h"
 2: 
 3: #include <x86intrin.h>
 4: 
 5: int main(int argc, char **argv) {
 6:   __m128i test = _mm_set1_epi8(32);
 7:   if (__builtin_cpu_supports("sse2")) { printf("OK"); }
 8:   if (argc > 100000) printf("%p", &test);
 9:   return 0;
10: }
/* end */

have_header: checking for cpuid.h... -------------------- yes

LD_LIBRARY_PATH=.:/usr/lib ASAN_OPTIONS=detect_leaks=0 "gcc -I/usr/include/ruby-3.4.0/x86_64-linux -I/usr/include/ruby-3.4.0/ruby/backward -I/usr/include/ruby-3.4.0 -I.    -march=x86-64-v4 -mtune=generic -O3 -pipe -fno-plt -fexceptions         -Wp,-D_FORTIFY_SOURCE=2 -Wformat -Werror=format-security         -fstack-clash-protection -fcf-protection -mpclmul -g1 -ffile-prefix-map=/startdir/src=/usr/src/debug/ruby -flto=auto -fPIC -std=c99   -c conftest.c"
checked program was:
/* begin */
1: #include "ruby.h"
2: 
3: #include <cpuid.h>
/* end */

--------------------

